<?xml version="1.0" encoding="UTF-8"?>
<!DOCTYPE coverage SYSTEM "https://raw.githubusercontent.com/cobertura/cobertura/master/cobertura/src/site/htdocs/xml/coverage-04.dtd">
<coverage line-rate="0.720430107526882" branch-rate="0" lines-covered="268" lines-valid="372" branches-covered="0" branches-valid="0" complexity="0" version="3.6.4" timestamp="2024-06-03 13:47:18.051267">
  <sources>
    <source>/__w/brcharts/brcharts/brcharts</source>
  </sources>
  <packages>
    <package name="brcharts" line-rate="0.720430107526882" branch-rate="0" complexity="0">
      <classes>
        <class name="grouped_barchart.R" filename="R/grouped_barchart.R" line-rate="0" branch-rate="0" complexity="0">
          <methods>
            <method name="grouped_barchart" signature="" line-rate="0" branch-rate="0" complexity="0">
              <lines>
                <line number="23" hits="0" branch="false"/>
                <line number="24" hits="0" branch="false"/>
                <line number="25" hits="0" branch="false"/>
                <line number="26" hits="0" branch="false"/>
                <line number="27" hits="0" branch="false"/>
                <line number="28" hits="0" branch="false"/>
                <line number="29" hits="0" branch="false"/>
                <line number="30" hits="0" branch="false"/>
                <line number="31" hits="0" branch="false"/>
                <line number="32" hits="0" branch="false"/>
                <line number="33" hits="0" branch="false"/>
                <line number="35" hits="0" branch="false"/>
              </lines>
            </method>
          </methods>
          <lines>
            <line number="23" hits="0" branch="false"/>
            <line number="24" hits="0" branch="false"/>
            <line number="25" hits="0" branch="false"/>
            <line number="26" hits="0" branch="false"/>
            <line number="27" hits="0" branch="false"/>
            <line number="28" hits="0" branch="false"/>
            <line number="29" hits="0" branch="false"/>
            <line number="30" hits="0" branch="false"/>
            <line number="31" hits="0" branch="false"/>
            <line number="32" hits="0" branch="false"/>
            <line number="33" hits="0" branch="false"/>
            <line number="35" hits="0" branch="false"/>
          </lines>
        </class>
        <class name="pyramid_chart.R" filename="R/pyramid_chart.R" line-rate="0.986842105263158" branch-rate="0" complexity="0">
          <methods>
            <method name="pyramid_chart" signature="" line-rate="0.986842105263158" branch-rate="0" complexity="0">
              <lines>
                <line number="43" hits="4" branch="false"/>
                <line number="44" hits="4" branch="false"/>
                <line number="47" hits="4" branch="false"/>
                <line number="48" hits="4" branch="false"/>
                <line number="49" hits="2" branch="false"/>
                <line number="50" hits="2" branch="false"/>
                <line number="51" hits="2" branch="false"/>
                <line number="52" hits="0" branch="false"/>
                <line number="55" hits="4" branch="false"/>
                <line number="56" hits="4" branch="false"/>
                <line number="57" hits="4" branch="false"/>
                <line number="58" hits="4" branch="false"/>
                <line number="59" hits="4" branch="false"/>
                <line number="61" hits="4" branch="false"/>
                <line number="62" hits="4" branch="false"/>
                <line number="63" hits="4" branch="false"/>
                <line number="64" hits="4" branch="false"/>
                <line number="65" hits="4" branch="false"/>
                <line number="66" hits="4" branch="false"/>
                <line number="67" hits="4" branch="false"/>
                <line number="68" hits="4" branch="false"/>
                <line number="69" hits="4" branch="false"/>
                <line number="70" hits="4" branch="false"/>
                <line number="71" hits="4" branch="false"/>
                <line number="72" hits="4" branch="false"/>
                <line number="73" hits="4" branch="false"/>
                <line number="74" hits="4" branch="false"/>
                <line number="75" hits="4" branch="false"/>
                <line number="76" hits="4" branch="false"/>
                <line number="77" hits="4" branch="false"/>
                <line number="78" hits="4" branch="false"/>
                <line number="79" hits="4" branch="false"/>
                <line number="80" hits="4" branch="false"/>
                <line number="81" hits="4" branch="false"/>
                <line number="82" hits="4" branch="false"/>
                <line number="83" hits="4" branch="false"/>
                <line number="84" hits="4" branch="false"/>
                <line number="85" hits="4" branch="false"/>
                <line number="86" hits="4" branch="false"/>
                <line number="88" hits="4" branch="false"/>
                <line number="89" hits="4" branch="false"/>
                <line number="90" hits="4" branch="false"/>
                <line number="91" hits="4" branch="false"/>
                <line number="92" hits="4" branch="false"/>
                <line number="93" hits="4" branch="false"/>
                <line number="94" hits="4" branch="false"/>
                <line number="95" hits="4" branch="false"/>
                <line number="96" hits="4" branch="false"/>
                <line number="97" hits="4" branch="false"/>
                <line number="98" hits="4" branch="false"/>
                <line number="99" hits="4" branch="false"/>
                <line number="100" hits="4" branch="false"/>
                <line number="101" hits="4" branch="false"/>
                <line number="102" hits="4" branch="false"/>
                <line number="103" hits="4" branch="false"/>
                <line number="104" hits="4" branch="false"/>
                <line number="105" hits="4" branch="false"/>
                <line number="106" hits="4" branch="false"/>
                <line number="107" hits="4" branch="false"/>
                <line number="108" hits="4" branch="false"/>
                <line number="109" hits="4" branch="false"/>
                <line number="110" hits="4" branch="false"/>
                <line number="111" hits="4" branch="false"/>
                <line number="112" hits="4" branch="false"/>
                <line number="113" hits="4" branch="false"/>
                <line number="115" hits="4" branch="false"/>
                <line number="116" hits="4" branch="false"/>
                <line number="117" hits="4" branch="false"/>
                <line number="118" hits="4" branch="false"/>
                <line number="119" hits="4" branch="false"/>
                <line number="120" hits="4" branch="false"/>
                <line number="121" hits="4" branch="false"/>
                <line number="122" hits="4" branch="false"/>
                <line number="123" hits="4" branch="false"/>
                <line number="124" hits="4" branch="false"/>
                <line number="126" hits="4" branch="false"/>
              </lines>
            </method>
          </methods>
          <lines>
            <line number="43" hits="4" branch="false"/>
            <line number="44" hits="4" branch="false"/>
            <line number="47" hits="4" branch="false"/>
            <line number="48" hits="4" branch="false"/>
            <line number="49" hits="2" branch="false"/>
            <line number="50" hits="2" branch="false"/>
            <line number="51" hits="2" branch="false"/>
            <line number="52" hits="0" branch="false"/>
            <line number="55" hits="4" branch="false"/>
            <line number="56" hits="4" branch="false"/>
            <line number="57" hits="4" branch="false"/>
            <line number="58" hits="4" branch="false"/>
            <line number="59" hits="4" branch="false"/>
            <line number="61" hits="4" branch="false"/>
            <line number="62" hits="4" branch="false"/>
            <line number="63" hits="4" branch="false"/>
            <line number="64" hits="4" branch="false"/>
            <line number="65" hits="4" branch="false"/>
            <line number="66" hits="4" branch="false"/>
            <line number="67" hits="4" branch="false"/>
            <line number="68" hits="4" branch="false"/>
            <line number="69" hits="4" branch="false"/>
            <line number="70" hits="4" branch="false"/>
            <line number="71" hits="4" branch="false"/>
            <line number="72" hits="4" branch="false"/>
            <line number="73" hits="4" branch="false"/>
            <line number="74" hits="4" branch="false"/>
            <line number="75" hits="4" branch="false"/>
            <line number="76" hits="4" branch="false"/>
            <line number="77" hits="4" branch="false"/>
            <line number="78" hits="4" branch="false"/>
            <line number="79" hits="4" branch="false"/>
            <line number="80" hits="4" branch="false"/>
            <line number="81" hits="4" branch="false"/>
            <line number="82" hits="4" branch="false"/>
            <line number="83" hits="4" branch="false"/>
            <line number="84" hits="4" branch="false"/>
            <line number="85" hits="4" branch="false"/>
            <line number="86" hits="4" branch="false"/>
            <line number="88" hits="4" branch="false"/>
            <line number="89" hits="4" branch="false"/>
            <line number="90" hits="4" branch="false"/>
            <line number="91" hits="4" branch="false"/>
            <line number="92" hits="4" branch="false"/>
            <line number="93" hits="4" branch="false"/>
            <line number="94" hits="4" branch="false"/>
            <line number="95" hits="4" branch="false"/>
            <line number="96" hits="4" branch="false"/>
            <line number="97" hits="4" branch="false"/>
            <line number="98" hits="4" branch="false"/>
            <line number="99" hits="4" branch="false"/>
            <line number="100" hits="4" branch="false"/>
            <line number="101" hits="4" branch="false"/>
            <line number="102" hits="4" branch="false"/>
            <line number="103" hits="4" branch="false"/>
            <line number="104" hits="4" branch="false"/>
            <line number="105" hits="4" branch="false"/>
            <line number="106" hits="4" branch="false"/>
            <line number="107" hits="4" branch="false"/>
            <line number="108" hits="4" branch="false"/>
            <line number="109" hits="4" branch="false"/>
            <line number="110" hits="4" branch="false"/>
            <line number="111" hits="4" branch="false"/>
            <line number="112" hits="4" branch="false"/>
            <line number="113" hits="4" branch="false"/>
            <line number="115" hits="4" branch="false"/>
            <line number="116" hits="4" branch="false"/>
            <line number="117" hits="4" branch="false"/>
            <line number="118" hits="4" branch="false"/>
            <line number="119" hits="4" branch="false"/>
            <line number="120" hits="4" branch="false"/>
            <line number="121" hits="4" branch="false"/>
            <line number="122" hits="4" branch="false"/>
            <line number="123" hits="4" branch="false"/>
            <line number="124" hits="4" branch="false"/>
            <line number="126" hits="4" branch="false"/>
          </lines>
        </class>
        <class name="utils.R" filename="R/utils.R" line-rate="0.679577464788732" branch-rate="0" complexity="0">
          <methods>
            <method name="colfun" signature="" line-rate="1" branch-rate="0" complexity="0">
              <lines>
                <line number="8" hits="8" branch="false"/>
                <line number="9" hits="8" branch="false"/>
                <line number="10" hits="8" branch="false"/>
                <line number="11" hits="8" branch="false"/>
                <line number="12" hits="8" branch="false"/>
                <line number="13" hits="8" branch="false"/>
                <line number="14" hits="8" branch="false"/>
                <line number="15" hits="8" branch="false"/>
                <line number="16" hits="8" branch="false"/>
                <line number="17" hits="8" branch="false"/>
                <line number="18" hits="8" branch="false"/>
                <line number="19" hits="8" branch="false"/>
                <line number="20" hits="8" branch="false"/>
                <line number="21" hits="8" branch="false"/>
                <line number="22" hits="8" branch="false"/>
                <line number="23" hits="8" branch="false"/>
                <line number="24" hits="8" branch="false"/>
                <line number="25" hits="8" branch="false"/>
                <line number="26" hits="8" branch="false"/>
                <line number="27" hits="8" branch="false"/>
                <line number="28" hits="8" branch="false"/>
                <line number="29" hits="8" branch="false"/>
                <line number="30" hits="8" branch="false"/>
                <line number="31" hits="8" branch="false"/>
                <line number="32" hits="8" branch="false"/>
                <line number="33" hits="8" branch="false"/>
                <line number="34" hits="8" branch="false"/>
                <line number="35" hits="8" branch="false"/>
                <line number="36" hits="8" branch="false"/>
                <line number="37" hits="8" branch="false"/>
                <line number="38" hits="8" branch="false"/>
                <line number="39" hits="8" branch="false"/>
                <line number="40" hits="8" branch="false"/>
                <line number="41" hits="8" branch="false"/>
                <line number="42" hits="8" branch="false"/>
                <line number="43" hits="8" branch="false"/>
                <line number="44" hits="8" branch="false"/>
                <line number="45" hits="8" branch="false"/>
                <line number="46" hits="8" branch="false"/>
                <line number="47" hits="8" branch="false"/>
                <line number="48" hits="8" branch="false"/>
                <line number="49" hits="8" branch="false"/>
                <line number="50" hits="8" branch="false"/>
                <line number="51" hits="8" branch="false"/>
                <line number="52" hits="8" branch="false"/>
                <line number="53" hits="8" branch="false"/>
                <line number="54" hits="8" branch="false"/>
                <line number="55" hits="8" branch="false"/>
                <line number="56" hits="8" branch="false"/>
                <line number="57" hits="8" branch="false"/>
                <line number="59" hits="8" branch="false"/>
                <line number="60" hits="8" branch="false"/>
                <line number="61" hits="8" branch="false"/>
                <line number="62" hits="8" branch="false"/>
                <line number="63" hits="8" branch="false"/>
                <line number="64" hits="8" branch="false"/>
                <line number="65" hits="8" branch="false"/>
                <line number="66" hits="8" branch="false"/>
                <line number="67" hits="8" branch="false"/>
                <line number="68" hits="8" branch="false"/>
                <line number="69" hits="8" branch="false"/>
                <line number="70" hits="8" branch="false"/>
              </lines>
            </method>
            <method name="control_fonts" signature="" line-rate="1" branch-rate="0" complexity="0">
              <lines>
                <line number="114" hits="8" branch="false"/>
                <line number="116" hits="8" branch="false"/>
                <line number="117" hits="8" branch="false"/>
                <line number="118" hits="8" branch="false"/>
                <line number="119" hits="8" branch="false"/>
                <line number="120" hits="8" branch="false"/>
                <line number="121" hits="8" branch="false"/>
                <line number="122" hits="8" branch="false"/>
              </lines>
            </method>
            <method name="br_charts_theme" signature="" line-rate="1" branch-rate="0" complexity="0">
              <lines>
                <line number="181" hits="8" branch="false"/>
                <line number="184" hits="8" branch="false"/>
                <line number="187" hits="8" branch="false"/>
                <line number="190" hits="8" branch="false"/>
                <line number="192" hits="8" branch="false"/>
                <line number="193" hits="8" branch="false"/>
                <line number="194" hits="8" branch="false"/>
                <line number="195" hits="8" branch="false"/>
                <line number="198" hits="8" branch="false"/>
                <line number="202" hits="8" branch="false"/>
                <line number="203" hits="8" branch="false"/>
                <line number="204" hits="8" branch="false"/>
                <line number="205" hits="8" branch="false"/>
                <line number="206" hits="8" branch="false"/>
                <line number="207" hits="8" branch="false"/>
                <line number="208" hits="8" branch="false"/>
                <line number="209" hits="8" branch="false"/>
                <line number="210" hits="8" branch="false"/>
                <line number="211" hits="8" branch="false"/>
                <line number="212" hits="8" branch="false"/>
                <line number="213" hits="8" branch="false"/>
                <line number="214" hits="8" branch="false"/>
                <line number="215" hits="8" branch="false"/>
                <line number="216" hits="8" branch="false"/>
                <line number="217" hits="8" branch="false"/>
                <line number="218" hits="8" branch="false"/>
                <line number="219" hits="8" branch="false"/>
                <line number="227" hits="8" branch="false"/>
                <line number="231" hits="8" branch="false"/>
                <line number="232" hits="8" branch="false"/>
                <line number="233" hits="8" branch="false"/>
                <line number="234" hits="8" branch="false"/>
                <line number="235" hits="8" branch="false"/>
                <line number="236" hits="8" branch="false"/>
                <line number="237" hits="8" branch="false"/>
                <line number="238" hits="8" branch="false"/>
                <line number="239" hits="8" branch="false"/>
                <line number="240" hits="8" branch="false"/>
                <line number="241" hits="8" branch="false"/>
                <line number="242" hits="8" branch="false"/>
                <line number="243" hits="8" branch="false"/>
                <line number="244" hits="8" branch="false"/>
                <line number="245" hits="8" branch="false"/>
                <line number="246" hits="8" branch="false"/>
                <line number="247" hits="8" branch="false"/>
                <line number="250" hits="8" branch="false"/>
                <line number="251" hits="8" branch="false"/>
                <line number="254" hits="8" branch="false"/>
                <line number="255" hits="8" branch="false"/>
                <line number="256" hits="8" branch="false"/>
                <line number="257" hits="8" branch="false"/>
                <line number="258" hits="8" branch="false"/>
                <line number="265" hits="8" branch="false"/>
                <line number="266" hits="8" branch="false"/>
                <line number="267" hits="8" branch="false"/>
                <line number="268" hits="8" branch="false"/>
                <line number="269" hits="8" branch="false"/>
                <line number="270" hits="8" branch="false"/>
                <line number="271" hits="8" branch="false"/>
                <line number="272" hits="8" branch="false"/>
                <line number="273" hits="8" branch="false"/>
                <line number="274" hits="8" branch="false"/>
                <line number="275" hits="8" branch="false"/>
                <line number="276" hits="8" branch="false"/>
                <line number="277" hits="8" branch="false"/>
                <line number="278" hits="8" branch="false"/>
                <line number="279" hits="8" branch="false"/>
                <line number="280" hits="8" branch="false"/>
                <line number="281" hits="8" branch="false"/>
                <line number="282" hits="8" branch="false"/>
                <line number="283" hits="8" branch="false"/>
                <line number="284" hits="8" branch="false"/>
                <line number="285" hits="8" branch="false"/>
                <line number="286" hits="8" branch="false"/>
                <line number="287" hits="8" branch="false"/>
                <line number="288" hits="8" branch="false"/>
                <line number="289" hits="8" branch="false"/>
                <line number="290" hits="8" branch="false"/>
                <line number="291" hits="8" branch="false"/>
                <line number="292" hits="8" branch="false"/>
                <line number="293" hits="8" branch="false"/>
                <line number="294" hits="8" branch="false"/>
                <line number="295" hits="8" branch="false"/>
                <line number="296" hits="8" branch="false"/>
                <line number="297" hits="8" branch="false"/>
                <line number="302" hits="8" branch="false"/>
                <line number="303" hits="8" branch="false"/>
                <line number="304" hits="8" branch="false"/>
                <line number="305" hits="8" branch="false"/>
                <line number="306" hits="8" branch="false"/>
                <line number="307" hits="8" branch="false"/>
                <line number="308" hits="8" branch="false"/>
                <line number="309" hits="8" branch="false"/>
                <line number="310" hits="8" branch="false"/>
                <line number="311" hits="8" branch="false"/>
                <line number="312" hits="8" branch="false"/>
                <line number="313" hits="8" branch="false"/>
                <line number="314" hits="8" branch="false"/>
                <line number="315" hits="8" branch="false"/>
                <line number="316" hits="8" branch="false"/>
                <line number="317" hits="8" branch="false"/>
                <line number="318" hits="8" branch="false"/>
                <line number="319" hits="8" branch="false"/>
                <line number="320" hits="8" branch="false"/>
                <line number="321" hits="8" branch="false"/>
                <line number="322" hits="8" branch="false"/>
                <line number="323" hits="8" branch="false"/>
                <line number="324" hits="8" branch="false"/>
                <line number="327" hits="8" branch="false"/>
                <line number="328" hits="8" branch="false"/>
                <line number="329" hits="8" branch="false"/>
                <line number="330" hits="8" branch="false"/>
                <line number="331" hits="8" branch="false"/>
                <line number="332" hits="8" branch="false"/>
                <line number="333" hits="8" branch="false"/>
                <line number="337" hits="8" branch="false"/>
                <line number="340" hits="8" branch="false"/>
                <line number="341" hits="8" branch="false"/>
                <line number="342" hits="8" branch="false"/>
                <line number="343" hits="8" branch="false"/>
                <line number="344" hits="8" branch="false"/>
                <line number="345" hits="8" branch="false"/>
                <line number="346" hits="8" branch="false"/>
              </lines>
            </method>
            <method name="prepare_br_supplied_ci" signature="" line-rate="0" branch-rate="0" complexity="0">
              <lines>
                <line number="368" hits="0" branch="false"/>
                <line number="369" hits="0" branch="false"/>
                <line number="370" hits="0" branch="false"/>
                <line number="371" hits="0" branch="false"/>
                <line number="372" hits="0" branch="false"/>
                <line number="373" hits="0" branch="false"/>
                <line number="374" hits="0" branch="false"/>
                <line number="375" hits="0" branch="false"/>
                <line number="376" hits="0" branch="false"/>
                <line number="377" hits="0" branch="false"/>
                <line number="378" hits="0" branch="false"/>
                <line number="379" hits="0" branch="false"/>
                <line number="380" hits="0" branch="false"/>
                <line number="381" hits="0" branch="false"/>
                <line number="382" hits="0" branch="false"/>
                <line number="383" hits="0" branch="false"/>
                <line number="384" hits="0" branch="false"/>
                <line number="385" hits="0" branch="false"/>
              </lines>
            </method>
            <method name="prepare_br_calculated_ci" signature="" line-rate="0" branch-rate="0" complexity="0">
              <lines>
                <line number="407" hits="0" branch="false"/>
                <line number="408" hits="0" branch="false"/>
                <line number="409" hits="0" branch="false"/>
                <line number="410" hits="0" branch="false"/>
                <line number="411" hits="0" branch="false"/>
                <line number="412" hits="0" branch="false"/>
                <line number="413" hits="0" branch="false"/>
                <line number="414" hits="0" branch="false"/>
                <line number="415" hits="0" branch="false"/>
                <line number="416" hits="0" branch="false"/>
                <line number="417" hits="0" branch="false"/>
                <line number="418" hits="0" branch="false"/>
                <line number="420" hits="0" branch="false"/>
                <line number="421" hits="0" branch="false"/>
                <line number="422" hits="0" branch="false"/>
                <line number="423" hits="0" branch="false"/>
                <line number="424" hits="0" branch="false"/>
                <line number="425" hits="0" branch="false"/>
                <line number="426" hits="0" branch="false"/>
                <line number="427" hits="0" branch="false"/>
                <line number="428" hits="0" branch="false"/>
                <line number="429" hits="0" branch="false"/>
              </lines>
            </method>
            <method name="add_exprs" signature="" line-rate="0" branch-rate="0" complexity="0">
              <lines>
                <line number="441" hits="0" branch="false"/>
                <line number="442" hits="0" branch="false"/>
              </lines>
            </method>
            <method name="labs_bold" signature="" line-rate="0" branch-rate="0" complexity="0">
              <lines>
                <line number="479" hits="0" branch="false"/>
                <line number="481" hits="0" branch="false"/>
                <line number="482" hits="0" branch="false"/>
                <line number="483" hits="0" branch="false"/>
                <line number="485" hits="0" branch="false"/>
                <line number="490" hits="0" branch="false"/>
                <line number="491" hits="0" branch="false"/>
                <line number="494" hits="0" branch="false"/>
              </lines>
            </method>
            <method name="relmin" signature="" line-rate="0" branch-rate="0" complexity="0">
              <lines>
                <line number="511" hits="0" branch="false"/>
                <line number="512" hits="0" branch="false"/>
                <line number="513" hits="0" branch="false"/>
                <line number="514" hits="0" branch="false"/>
                <line number="515" hits="0" branch="false"/>
                <line number="516" hits="0" branch="false"/>
                <line number="517" hits="0" branch="false"/>
                <line number="518" hits="0" branch="false"/>
                <line number="519" hits="0" branch="false"/>
                <line number="521" hits="0" branch="false"/>
                <line number="522" hits="0" branch="false"/>
                <line number="523" hits="0" branch="false"/>
                <line number="524" hits="0" branch="false"/>
                <line number="525" hits="0" branch="false"/>
                <line number="526" hits="0" branch="false"/>
                <line number="527" hits="0" branch="false"/>
              </lines>
            </method>
            <method name="relmax" signature="" line-rate="0" branch-rate="0" complexity="0">
              <lines>
                <line number="545" hits="0" branch="false"/>
                <line number="546" hits="0" branch="false"/>
                <line number="547" hits="0" branch="false"/>
                <line number="548" hits="0" branch="false"/>
                <line number="549" hits="0" branch="false"/>
                <line number="550" hits="0" branch="false"/>
                <line number="551" hits="0" branch="false"/>
                <line number="552" hits="0" branch="false"/>
                <line number="553" hits="0" branch="false"/>
                <line number="555" hits="0" branch="false"/>
                <line number="556" hits="0" branch="false"/>
                <line number="557" hits="0" branch="false"/>
                <line number="558" hits="0" branch="false"/>
                <line number="559" hits="0" branch="false"/>
                <line number="560" hits="0" branch="false"/>
                <line number="561" hits="0" branch="false"/>
              </lines>
            </method>
            <method name="ggsave_custom" signature="" line-rate="0" branch-rate="0" complexity="0">
              <lines>
                <line number="601" hits="0" branch="false"/>
                <line number="602" hits="0" branch="false"/>
                <line number="603" hits="0" branch="false"/>
                <line number="604" hits="0" branch="false"/>
                <line number="605" hits="0" branch="false"/>
                <line number="606" hits="0" branch="false"/>
                <line number="607" hits="0" branch="false"/>
                <line number="608" hits="0" branch="false"/>
                <line number="609" hits="0" branch="false"/>
              </lines>
            </method>
          </methods>
          <lines>
            <line number="8" hits="8" branch="false"/>
            <line number="9" hits="8" branch="false"/>
            <line number="10" hits="8" branch="false"/>
            <line number="11" hits="8" branch="false"/>
            <line number="12" hits="8" branch="false"/>
            <line number="13" hits="8" branch="false"/>
            <line number="14" hits="8" branch="false"/>
            <line number="15" hits="8" branch="false"/>
            <line number="16" hits="8" branch="false"/>
            <line number="17" hits="8" branch="false"/>
            <line number="18" hits="8" branch="false"/>
            <line number="19" hits="8" branch="false"/>
            <line number="20" hits="8" branch="false"/>
            <line number="21" hits="8" branch="false"/>
            <line number="22" hits="8" branch="false"/>
            <line number="23" hits="8" branch="false"/>
            <line number="24" hits="8" branch="false"/>
            <line number="25" hits="8" branch="false"/>
            <line number="26" hits="8" branch="false"/>
            <line number="27" hits="8" branch="false"/>
            <line number="28" hits="8" branch="false"/>
            <line number="29" hits="8" branch="false"/>
            <line number="30" hits="8" branch="false"/>
            <line number="31" hits="8" branch="false"/>
            <line number="32" hits="8" branch="false"/>
            <line number="33" hits="8" branch="false"/>
            <line number="34" hits="8" branch="false"/>
            <line number="35" hits="8" branch="false"/>
            <line number="36" hits="8" branch="false"/>
            <line number="37" hits="8" branch="false"/>
            <line number="38" hits="8" branch="false"/>
            <line number="39" hits="8" branch="false"/>
            <line number="40" hits="8" branch="false"/>
            <line number="41" hits="8" branch="false"/>
            <line number="42" hits="8" branch="false"/>
            <line number="43" hits="8" branch="false"/>
            <line number="44" hits="8" branch="false"/>
            <line number="45" hits="8" branch="false"/>
            <line number="46" hits="8" branch="false"/>
            <line number="47" hits="8" branch="false"/>
            <line number="48" hits="8" branch="false"/>
            <line number="49" hits="8" branch="false"/>
            <line number="50" hits="8" branch="false"/>
            <line number="51" hits="8" branch="false"/>
            <line number="52" hits="8" branch="false"/>
            <line number="53" hits="8" branch="false"/>
            <line number="54" hits="8" branch="false"/>
            <line number="55" hits="8" branch="false"/>
            <line number="56" hits="8" branch="false"/>
            <line number="57" hits="8" branch="false"/>
            <line number="59" hits="8" branch="false"/>
            <line number="60" hits="8" branch="false"/>
            <line number="61" hits="8" branch="false"/>
            <line number="62" hits="8" branch="false"/>
            <line number="63" hits="8" branch="false"/>
            <line number="64" hits="8" branch="false"/>
            <line number="65" hits="8" branch="false"/>
            <line number="66" hits="8" branch="false"/>
            <line number="67" hits="8" branch="false"/>
            <line number="68" hits="8" branch="false"/>
            <line number="69" hits="8" branch="false"/>
            <line number="70" hits="8" branch="false"/>
            <line number="114" hits="8" branch="false"/>
            <line number="116" hits="8" branch="false"/>
            <line number="117" hits="8" branch="false"/>
            <line number="118" hits="8" branch="false"/>
            <line number="119" hits="8" branch="false"/>
            <line number="120" hits="8" branch="false"/>
            <line number="121" hits="8" branch="false"/>
            <line number="122" hits="8" branch="false"/>
            <line number="181" hits="8" branch="false"/>
            <line number="184" hits="8" branch="false"/>
            <line number="187" hits="8" branch="false"/>
            <line number="190" hits="8" branch="false"/>
            <line number="192" hits="8" branch="false"/>
            <line number="193" hits="8" branch="false"/>
            <line number="194" hits="8" branch="false"/>
            <line number="195" hits="8" branch="false"/>
            <line number="198" hits="8" branch="false"/>
            <line number="202" hits="8" branch="false"/>
            <line number="203" hits="8" branch="false"/>
            <line number="204" hits="8" branch="false"/>
            <line number="205" hits="8" branch="false"/>
            <line number="206" hits="8" branch="false"/>
            <line number="207" hits="8" branch="false"/>
            <line number="208" hits="8" branch="false"/>
            <line number="209" hits="8" branch="false"/>
            <line number="210" hits="8" branch="false"/>
            <line number="211" hits="8" branch="false"/>
            <line number="212" hits="8" branch="false"/>
            <line number="213" hits="8" branch="false"/>
            <line number="214" hits="8" branch="false"/>
            <line number="215" hits="8" branch="false"/>
            <line number="216" hits="8" branch="false"/>
            <line number="217" hits="8" branch="false"/>
            <line number="218" hits="8" branch="false"/>
            <line number="219" hits="8" branch="false"/>
            <line number="227" hits="8" branch="false"/>
            <line number="231" hits="8" branch="false"/>
            <line number="232" hits="8" branch="false"/>
            <line number="233" hits="8" branch="false"/>
            <line number="234" hits="8" branch="false"/>
            <line number="235" hits="8" branch="false"/>
            <line number="236" hits="8" branch="false"/>
            <line number="237" hits="8" branch="false"/>
            <line number="238" hits="8" branch="false"/>
            <line number="239" hits="8" branch="false"/>
            <line number="240" hits="8" branch="false"/>
            <line number="241" hits="8" branch="false"/>
            <line number="242" hits="8" branch="false"/>
            <line number="243" hits="8" branch="false"/>
            <line number="244" hits="8" branch="false"/>
            <line number="245" hits="8" branch="false"/>
            <line number="246" hits="8" branch="false"/>
            <line number="247" hits="8" branch="false"/>
            <line number="250" hits="8" branch="false"/>
            <line number="251" hits="8" branch="false"/>
            <line number="254" hits="8" branch="false"/>
            <line number="255" hits="8" branch="false"/>
            <line number="256" hits="8" branch="false"/>
            <line number="257" hits="8" branch="false"/>
            <line number="258" hits="8" branch="false"/>
            <line number="265" hits="8" branch="false"/>
            <line number="266" hits="8" branch="false"/>
            <line number="267" hits="8" branch="false"/>
            <line number="268" hits="8" branch="false"/>
            <line number="269" hits="8" branch="false"/>
            <line number="270" hits="8" branch="false"/>
            <line number="271" hits="8" branch="false"/>
            <line number="272" hits="8" branch="false"/>
            <line number="273" hits="8" branch="false"/>
            <line number="274" hits="8" branch="false"/>
            <line number="275" hits="8" branch="false"/>
            <line number="276" hits="8" branch="false"/>
            <line number="277" hits="8" branch="false"/>
            <line number="278" hits="8" branch="false"/>
            <line number="279" hits="8" branch="false"/>
            <line number="280" hits="8" branch="false"/>
            <line number="281" hits="8" branch="false"/>
            <line number="282" hits="8" branch="false"/>
            <line number="283" hits="8" branch="false"/>
            <line number="284" hits="8" branch="false"/>
            <line number="285" hits="8" branch="false"/>
            <line number="286" hits="8" branch="false"/>
            <line number="287" hits="8" branch="false"/>
            <line number="288" hits="8" branch="false"/>
            <line number="289" hits="8" branch="false"/>
            <line number="290" hits="8" branch="false"/>
            <line number="291" hits="8" branch="false"/>
            <line number="292" hits="8" branch="false"/>
            <line number="293" hits="8" branch="false"/>
            <line number="294" hits="8" branch="false"/>
            <line number="295" hits="8" branch="false"/>
            <line number="296" hits="8" branch="false"/>
            <line number="297" hits="8" branch="false"/>
            <line number="302" hits="8" branch="false"/>
            <line number="303" hits="8" branch="false"/>
            <line number="304" hits="8" branch="false"/>
            <line number="305" hits="8" branch="false"/>
            <line number="306" hits="8" branch="false"/>
            <line number="307" hits="8" branch="false"/>
            <line number="308" hits="8" branch="false"/>
            <line number="309" hits="8" branch="false"/>
            <line number="310" hits="8" branch="false"/>
            <line number="311" hits="8" branch="false"/>
            <line number="312" hits="8" branch="false"/>
            <line number="313" hits="8" branch="false"/>
            <line number="314" hits="8" branch="false"/>
            <line number="315" hits="8" branch="false"/>
            <line number="316" hits="8" branch="false"/>
            <line number="317" hits="8" branch="false"/>
            <line number="318" hits="8" branch="false"/>
            <line number="319" hits="8" branch="false"/>
            <line number="320" hits="8" branch="false"/>
            <line number="321" hits="8" branch="false"/>
            <line number="322" hits="8" branch="false"/>
            <line number="323" hits="8" branch="false"/>
            <line number="324" hits="8" branch="false"/>
            <line number="327" hits="8" branch="false"/>
            <line number="328" hits="8" branch="false"/>
            <line number="329" hits="8" branch="false"/>
            <line number="330" hits="8" branch="false"/>
            <line number="331" hits="8" branch="false"/>
            <line number="332" hits="8" branch="false"/>
            <line number="333" hits="8" branch="false"/>
            <line number="337" hits="8" branch="false"/>
            <line number="340" hits="8" branch="false"/>
            <line number="341" hits="8" branch="false"/>
            <line number="342" hits="8" branch="false"/>
            <line number="343" hits="8" branch="false"/>
            <line number="344" hits="8" branch="false"/>
            <line number="345" hits="8" branch="false"/>
            <line number="346" hits="8" branch="false"/>
            <line number="368" hits="0" branch="false"/>
            <line number="369" hits="0" branch="false"/>
            <line number="370" hits="0" branch="false"/>
            <line number="371" hits="0" branch="false"/>
            <line number="372" hits="0" branch="false"/>
            <line number="373" hits="0" branch="false"/>
            <line number="374" hits="0" branch="false"/>
            <line number="375" hits="0" branch="false"/>
            <line number="376" hits="0" branch="false"/>
            <line number="377" hits="0" branch="false"/>
            <line number="378" hits="0" branch="false"/>
            <line number="379" hits="0" branch="false"/>
            <line number="380" hits="0" branch="false"/>
            <line number="381" hits="0" branch="false"/>
            <line number="382" hits="0" branch="false"/>
            <line number="383" hits="0" branch="false"/>
            <line number="384" hits="0" branch="false"/>
            <line number="385" hits="0" branch="false"/>
            <line number="407" hits="0" branch="false"/>
            <line number="408" hits="0" branch="false"/>
            <line number="409" hits="0" branch="false"/>
            <line number="410" hits="0" branch="false"/>
            <line number="411" hits="0" branch="false"/>
            <line number="412" hits="0" branch="false"/>
            <line number="413" hits="0" branch="false"/>
            <line number="414" hits="0" branch="false"/>
            <line number="415" hits="0" branch="false"/>
            <line number="416" hits="0" branch="false"/>
            <line number="417" hits="0" branch="false"/>
            <line number="418" hits="0" branch="false"/>
            <line number="420" hits="0" branch="false"/>
            <line number="421" hits="0" branch="false"/>
            <line number="422" hits="0" branch="false"/>
            <line number="423" hits="0" branch="false"/>
            <line number="424" hits="0" branch="false"/>
            <line number="425" hits="0" branch="false"/>
            <line number="426" hits="0" branch="false"/>
            <line number="427" hits="0" branch="false"/>
            <line number="428" hits="0" branch="false"/>
            <line number="429" hits="0" branch="false"/>
            <line number="441" hits="0" branch="false"/>
            <line number="442" hits="0" branch="false"/>
            <line number="479" hits="0" branch="false"/>
            <line number="481" hits="0" branch="false"/>
            <line number="482" hits="0" branch="false"/>
            <line number="483" hits="0" branch="false"/>
            <line number="485" hits="0" branch="false"/>
            <line number="490" hits="0" branch="false"/>
            <line number="491" hits="0" branch="false"/>
            <line number="494" hits="0" branch="false"/>
            <line number="511" hits="0" branch="false"/>
            <line number="512" hits="0" branch="false"/>
            <line number="513" hits="0" branch="false"/>
            <line number="514" hits="0" branch="false"/>
            <line number="515" hits="0" branch="false"/>
            <line number="516" hits="0" branch="false"/>
            <line number="517" hits="0" branch="false"/>
            <line number="518" hits="0" branch="false"/>
            <line number="519" hits="0" branch="false"/>
            <line number="521" hits="0" branch="false"/>
            <line number="522" hits="0" branch="false"/>
            <line number="523" hits="0" branch="false"/>
            <line number="524" hits="0" branch="false"/>
            <line number="525" hits="0" branch="false"/>
            <line number="526" hits="0" branch="false"/>
            <line number="527" hits="0" branch="false"/>
            <line number="545" hits="0" branch="false"/>
            <line number="546" hits="0" branch="false"/>
            <line number="547" hits="0" branch="false"/>
            <line number="548" hits="0" branch="false"/>
            <line number="549" hits="0" branch="false"/>
            <line number="550" hits="0" branch="false"/>
            <line number="551" hits="0" branch="false"/>
            <line number="552" hits="0" branch="false"/>
            <line number="553" hits="0" branch="false"/>
            <line number="555" hits="0" branch="false"/>
            <line number="556" hits="0" branch="false"/>
            <line number="557" hits="0" branch="false"/>
            <line number="558" hits="0" branch="false"/>
            <line number="559" hits="0" branch="false"/>
            <line number="560" hits="0" branch="false"/>
            <line number="561" hits="0" branch="false"/>
            <line number="601" hits="0" branch="false"/>
            <line number="602" hits="0" branch="false"/>
            <line number="603" hits="0" branch="false"/>
            <line number="604" hits="0" branch="false"/>
            <line number="605" hits="0" branch="false"/>
            <line number="606" hits="0" branch="false"/>
            <line number="607" hits="0" branch="false"/>
            <line number="608" hits="0" branch="false"/>
            <line number="609" hits="0" branch="false"/>
          </lines>
        </class>
      </classes>
    </package>
  </packages>
</coverage>
